\BOOKMARK [0][-]{titlepage.0}{\376\377\134\001\227\142}{}% 1
\BOOKMARK [0][-]{cabstract.0}{\376\377\144\130\211\201}{}% 2
\BOOKMARK [0][-]{eabstract.0}{\376\377\000A\000B\000S\000T\000R\000A\000C\000T}{}% 3
\BOOKMARK [0][-]{contents.0}{\376\377\000C\000o\000n\000t\000e\000n\000t\000s}{}% 4
\BOOKMARK [0][-]{chapter.1}{\376\377\000I\000n\000t\000r\000o\000d\000u\000c\000t\000i\000o\000n}{}% 5
\BOOKMARK [1][-]{section.1.1}{\376\377\000D\000e\000r\000i\000v\000a\000t\000i\000o\000n}{chapter.1}% 6
\BOOKMARK [2][-]{subsection.1.1.1}{\376\377\000T\000h\000e\000\040\000s\000t\000a\000n\000d\000a\000r\000d\000\040\000m\000o\000d\000e\000l}{section.1.1}% 7
\BOOKMARK [2][-]{subsection.1.1.2}{\376\377\000Q\000u\000a\000r\000k\000\040\000m\000o\000d\000e\000l\000\040\000a\000n\000d\000\040\000Q\000C\000D}{section.1.1}% 8
\BOOKMARK [2][-]{subsection.1.1.3}{\376\377\000M\000u\000l\000t\000i\000q\000u\000a\000r\000k\000\040\000s\000t\000a\000t\000e\000s}{section.1.1}% 9
\BOOKMARK [1][-]{section.1.2}{\376\377\000E\000x\000p\000e\000r\000i\000m\000e\000n\000t\000a\000l\000\040\000e\000v\000i\000d\000e\000n\000c\000e\000s\000\040\000o\000f\000\040\000h\000e\000a\000v\000y\000-\000f\000l\000a\000v\000o\000u\000r\000\040\000m\000u\000l\000t\000i\000q\000u\000a\000r\000k\000\040\000c\000a\000n\000d\000i\000d\000a\000t\000e\000s}{chapter.1}% 10
\BOOKMARK [2][-]{subsection.1.2.1}{\376\377\000N\000e\000u\000t\000r\000a\000l\000\040\000X\000\040\000a\000n\000d\000\040\000Y\000\040\000m\000u\000l\000t\000i\000q\000u\000a\000r\000k\000\040\000c\000a\000n\000d\000i\000d\000a\000t\000e\000s}{section.1.2}% 11
\BOOKMARK [2][-]{subsection.1.2.2}{\376\377\000C\000h\000a\000r\000g\000e\000d\000\040\000m\000u\000l\000t\000i\000q\000u\000a\000r\000k\000\040\000c\000a\000n\000d\000i\000d\000a\000t\000e\000s\000\040\000Z\000c\000\040\000a\000n\000d\000\040\000Z\000c\000s}{section.1.2}% 12
\BOOKMARK [2][-]{subsection.1.2.3}{\376\377\000P\000e\000n\000t\000a\000q\000u\000a\000r\000k\000\040\000c\000a\000n\000d\000i\000d\000a\000t\000e\000s}{section.1.2}% 13
\BOOKMARK [1][-]{section.1.3}{\376\377\000T\000h\000e\000o\000r\000e\000t\000i\000c\000a\000l\000\040\000m\000o\000d\000e\000l\000s\000\040\000o\000f\000\040\000m\000u\000l\000t\000i\000q\000u\000a\000r\000k\000\040\000s\000t\000a\000t\000e\000s}{chapter.1}% 14
\BOOKMARK [2][-]{subsection.1.3.1}{\376\377\000M\000u\000l\000t\000i\000q\000u\000a\000r\000k\000\040\000s\000t\000a\000t\000e\000s\000\040\000a\000s\000\040\000m\000o\000l\000e\000c\000u\000l\000e\000s}{section.1.3}% 15
\BOOKMARK [2][-]{subsection.1.3.2}{\376\377\000C\000h\000r\000o\000m\000o\000m\000a\000g\000n\000e\000t\000i\000c\000\040\000i\000n\000t\000e\000r\000a\000c\000t\000i\000o\000n}{section.1.3}% 16
\BOOKMARK [2][-]{subsection.1.3.3}{\376\377\000H\000a\000d\000r\000o\000c\000h\000a\000r\000m\000o\000n\000i\000u\000m}{section.1.3}% 17
\BOOKMARK [2][-]{subsection.1.3.4}{\376\377\000R\000e\000s\000c\000a\000t\000t\000e\000r\000i\000n\000g\000-\000i\000n\000d\000u\000c\000e\000d\000\040\000k\000i\000n\000e\000m\000a\000t\000i\000c\000\040\000e\000f\000f\000e\000c\000t\000s}{section.1.3}% 18
\BOOKMARK [0][-]{chapter.2}{\376\377\000L\000H\000C\000\040\000a\000n\000d\000\040\000L\000H\000C\000b}{}% 19
\BOOKMARK [1][-]{section.2.1}{\376\377\000T\000h\000e\000\040\000l\000a\000r\000g\000e\000\040\000h\000a\000d\000r\000o\000n\000\040\000c\000o\000l\000l\000i\000d\000e\000r}{chapter.2}% 20
\BOOKMARK [1][-]{section.2.2}{\376\377\000T\000h\000e\000\040\000L\000H\000C\000b\000\040\000d\000e\000t\000e\000c\000t\000o\000r}{chapter.2}% 21
\BOOKMARK [2][-]{subsection.2.2.1}{\376\377\000T\000r\000a\000c\000k\000i\000n\000g}{section.2.2}% 22
\BOOKMARK [2][-]{subsection.2.2.2}{\376\377\000P\000a\000r\000t\000i\000c\000l\000e\000\040\000i\000d\000e\000n\000t\000i\000f\000i\000c\000a\000t\000i\000o\000n}{section.2.2}% 23
\BOOKMARK [2][-]{subsection.2.2.3}{\376\377\000T\000r\000i\000g\000g\000e\000r}{section.2.2}% 24
\BOOKMARK [0][-]{chapter.3}{\376\377\000O\000b\000s\000e\000r\000v\000a\000t\000i\000o\000n\000\040\000o\000f\000\040\000Z\000c\000s\000\040\000s\000t\000a\000t\000e\000s\000\040\000i\000n\000\040\000B\000\040\000+\000\040\000J\000-\0003\000m\000u\000/\000-\0002\000m\000u\000K\000\040\000+\000\040\000d\000e\000c\000a\000y}{}% 25
\BOOKMARK [1][-]{section.3.1}{\376\377\000S\000t\000u\000d\000y\000\040\000m\000o\000t\000i\000v\000a\000t\000i\000o\000n}{chapter.3}% 26
\BOOKMARK [2][-]{subsection.3.1.1}{\376\377\000P\000r\000e\000v\000i\000o\000u\000s\000\040\000s\000t\000u\000d\000i\000e\000s}{section.3.1}% 27
\BOOKMARK [2][-]{subsection.3.1.2}{\376\377\000T\000h\000i\000s\000\040\000a\000n\000a\000l\000y\000s\000i\000s}{section.3.1}% 28
\BOOKMARK [1][-]{section.3.2}{\376\377\000S\000e\000l\000e\000c\000t\000i\000o\000n}{chapter.3}% 29
\BOOKMARK [2][-]{subsection.3.2.1}{\376\377\000D\000a\000t\000a\000s\000e\000t}{section.3.2}% 30
\BOOKMARK [2][-]{subsection.3.2.2}{\376\377\000R\000e\000c\000o\000n\000s\000t\000r\000u\000c\000t\000i\000o\000n\000\040\000a\000n\000d\000\040\000p\000r\000e\000-\000s\000e\000l\000e\000c\000t\000i\000o\000n}{section.3.2}% 31
\BOOKMARK [2][-]{subsection.3.2.3}{\376\377\000M\000u\000l\000t\000i\000v\000a\000r\000i\000a\000t\000e\000\040\000a\000n\000a\000l\000y\000s\000i\000s}{section.3.2}% 32
\BOOKMARK [1][-]{section.3.3}{\376\377\000I\000n\000v\000a\000r\000i\000a\000n\000t\000\040\000B\000\040\000m\000a\000s\000s\000\040\000f\000i\000t\000\040\000a\000n\000d\000\040\000D\000a\000l\000i\000t\000z\000\040\000p\000l\000o\000t\000\040\000d\000i\000s\000t\000r\000i\000b\000u\000t\000i\000o\000n\000s}{chapter.3}% 33
\BOOKMARK [2][-]{subsection.3.3.1}{\376\377\000S\000i\000g\000n\000a\000l\000\040\000y\000i\000e\000l\000d\000s}{section.3.3}% 34
\BOOKMARK [2][-]{subsection.3.3.2}{\376\377\000N\000o\000n\000-\000\040\000b\000a\000c\000k\000g\000r\000o\000u\000n\000d\000\040\000f\000r\000a\000c\000t\000i\000o\000n}{section.3.3}% 35
\BOOKMARK [1][-]{section.3.4}{\376\377\000T\000h\000e\000\040\000a\000m\000p\000l\000i\000t\000u\000d\000e\000\040\000f\000i\000t\000t\000i\000n\000g\000\040\000f\000o\000r\000m\000u\000l\000a}{chapter.3}% 36
\BOOKMARK [2][-]{subsection.3.4.1}{\376\377\000H\000e\000l\000i\000c\000i\000t\000y\000\040\000f\000o\000r\000m\000a\000l\000i\000s\000m\000\040\000a\000n\000d\000\040\000n\000o\000t\000a\000t\000i\000o\000n}{section.3.4}% 37
\BOOKMARK [2][-]{subsection.3.4.2}{\376\377\000M\000a\000t\000r\000i\000x\000\040\000e\000l\000e\000m\000e\000n\000t\000\040\000f\000o\000r\000\040\000t\000h\000e\000\040\000K\000*\000+\000\040\000K\000+\000\040\000d\000e\000c\000a\000y\000\040\000c\000h\000a\000i\000n}{section.3.4}% 38
\BOOKMARK [2][-]{subsection.3.4.3}{\376\377\000M\000a\000t\000r\000i\000x\000\040\000e\000l\000e\000m\000e\000n\000t\000\040\000f\000o\000r\000\040\000t\000h\000e\000\040\000Z\000+\000\040\000\040\000K\000+\000\040\000c\000h\000a\000i\000n}{section.3.4}% 39
\BOOKMARK [2][-]{subsection.3.4.4}{\376\377\000M\000a\000t\000r\000i\000x\000\040\000e\000l\000e\000m\000e\000n\000t\000\040\000f\000o\000r\000\040\000t\000h\000e\000\040\000X\000\040\000\040\000c\000h\000a\000i\000n}{section.3.4}% 40
\BOOKMARK [2][-]{subsection.3.4.5}{\376\377\000U\000s\000a\000g\000e\000\040\000o\000f\000\040\000L\000S\000\040\000c\000o\000u\000p\000l\000i\000n\000g\000s}{section.3.4}% 41
\BOOKMARK [2][-]{subsection.3.4.6}{\376\377\000c\000F\000i\000t\000\040\000t\000e\000c\000h\000n\000i\000q\000u\000e}{section.3.4}% 42
\BOOKMARK [1][-]{section.3.5}{\376\377\000T\000h\000e\000\040\000a\000m\000p\000l\000i\000t\000u\000d\000e\000\040\000f\000i\000t\000t\000i\000n\000g\000\040\000r\000e\000s\000u\000l\000t\000s}{chapter.3}% 43
\BOOKMARK [2][-]{subsection.3.5.1}{\376\377\000K\000a\000o\000n\000\040\000e\000x\000c\000i\000t\000a\000t\000i\000o\000n\000s\000\040\000i\000n\000\040\000B\000\040\000+\000\040\000J\000-\0003\000m\000u\000/\000-\0002\000m\000u\000K\000\040\000+\000\040}{section.3.5}% 44
\BOOKMARK [2][-]{subsection.3.5.2}{\376\377\000C\000h\000a\000n\000g\000e\000s\000\040\000t\000o\000\040\000t\000h\000e\000\040\000p\000r\000e\000v\000i\000o\000u\000s\000\040\000a\000m\000p\000l\000i\000t\000u\000d\000e\000\040\000m\000o\000d\000e\000l}{section.3.5}% 45
\BOOKMARK [2][-]{subsection.3.5.3}{\376\377\000N\000o\000m\000i\000n\000a\000l\000\040\000a\000m\000p\000l\000i\000t\000u\000d\000e\000\040\000m\000o\000d\000e\000l}{section.3.5}% 46
\BOOKMARK [2][-]{subsection.3.5.4}{\376\377\000E\000x\000t\000e\000n\000d\000e\000d\000\040\000K\000*\000\040\000m\000o\000d\000e\000l}{section.3.5}% 47
\BOOKMARK [2][-]{subsection.3.5.5}{\376\377\000F\000l\000a\000t\000t\000\351\000\040\000f\000u\000n\000c\000t\000i\000o\000n\000\040\000f\000o\000r\000\040\000t\000h\000e\000\040\000X\000\050\0004\0001\0004\0000\000\051\000\040\000a\000n\000d\000\040\000Z\000c\000s\000\050\0004\0000\0000\0000\000\051\000\040\000c\000o\000m\000p\000o\000n\000e\000n\000t\000s}{section.3.5}% 48
\BOOKMARK [1][-]{section.3.6}{\376\377\000S\000p\000i\000n\000\040\000a\000n\000d\000\040\000p\000a\000r\000i\000t\000y\000\040\000s\000t\000u\000d\000y}{chapter.3}% 49
\BOOKMARK [1][-]{section.3.7}{\376\377\000A\000r\000g\000a\000n\000d\000\040\000d\000i\000a\000g\000r\000a\000m\000s}{chapter.3}% 50
\BOOKMARK [1][-]{section.3.8}{\376\377\000S\000y\000s\000t\000e\000m\000a\000t\000i\000c\000\040\000u\000n\000c\000e\000r\000t\000a\000i\000n\000t\000i\000e\000s}{chapter.3}% 51
\BOOKMARK [1][-]{section.3.9}{\376\377\000C\000o\000n\000c\000l\000u\000s\000i\000o\000n\000s}{chapter.3}% 52
\BOOKMARK [0][-]{chapter.4}{\376\377\000O\000p\000e\000n\000-\000c\000h\000a\000r\000m\000\040\000p\000e\000n\000t\000a\000q\000u\000a\000r\000k\000\040\000s\000e\000a\000r\000c\000h\000\040\000i\000n\000\040\000\040\0000\000b\000\040\000\040\000+\000c\000K\000\040\000+\000K\000-\000-\000\040\000d\000e\000c\000a\000y}{}% 53
\BOOKMARK [1][-]{section.4.1}{\376\377\000S\000t\000u\000d\000y\000\040\000m\000o\000t\000i\000v\000a\000t\000i\000o\000n}{chapter.4}% 54
\BOOKMARK [1][-]{section.4.2}{\376\377\000n\000o\000r\000m\000a\000l\000n\000o\000r\000m\000a\000l\000S\000e\000l\000e\000c\000t\000i\000o\000n}{chapter.4}% 55
\BOOKMARK [2][-]{subsection.4.2.1}{\376\377\000D\000a\000t\000a\000s\000e\000t}{section.4.2}% 56
\BOOKMARK [2][-]{subsection.4.2.2}{\376\377\000P\000r\000e\000s\000e\000l\000e\000c\000t\000i\000o\000n}{section.4.2}% 57
\BOOKMARK [2][-]{subsection.4.2.3}{\376\377\000R\000e\000m\000o\000v\000a\000l\000\040\000o\000f\000\040\000i\000n\000t\000e\000r\000n\000a\000l\000\040\000t\000r\000a\000c\000k\000\040\000c\000l\000o\000n\000e\000\040\000c\000a\000n\000d\000i\000d\000a\000t\000e\000s}{section.4.2}% 58
\BOOKMARK [2][-]{subsection.4.2.4}{\376\377\000M\000u\000l\000t\000i\000p\000l\000e\000\040\000c\000a\000n\000d\000i\000d\000a\000t\000e\000s}{section.4.2}% 59
\BOOKMARK [2][-]{subsection.4.2.5}{\376\377\000M\000u\000l\000t\000i\000v\000a\000r\000i\000a\000t\000e\000\040\000A\000n\000a\000l\000y\000s\000i\000s}{section.4.2}% 60
\BOOKMARK [2][-]{subsection.4.2.6}{\376\377\000P\000o\000t\000e\000n\000t\000i\000a\000l\000\040\000R\000e\000s\000o\000n\000a\000n\000c\000e\000s}{section.4.2}% 61
\BOOKMARK [1][-]{section.4.3}{\376\377\000S\000i\000g\000n\000a\000l\000\040\000e\000x\000t\000r\000a\000c\000t\000i\000o\000n}{chapter.4}% 62
\BOOKMARK [2][-]{subsection.4.3.1}{\376\377\000F\000i\000t\000\040\000d\000e\000s\000c\000r\000i\000p\000t\000i\000o\000n}{section.4.3}% 63
\BOOKMARK [2][-]{subsection.4.3.2}{\376\377\000S\000i\000g\000n\000a\000l\000\040\000s\000h\000a\000p\000e}{section.4.3}% 64
\BOOKMARK [2][-]{subsection.4.3.3}{\376\377\000P\000h\000y\000s\000i\000c\000s\000\040\000b\000a\000c\000k\000g\000r\000o\000u\000n\000d}{section.4.3}% 65
\BOOKMARK [2][-]{subsection.4.3.4}{\376\377\000C\000o\000m\000b\000i\000n\000a\000t\000o\000r\000i\000a\000l\000\040\000b\000a\000c\000k\000g\000r\000o\000u\000n\000d}{section.4.3}% 66
\BOOKMARK [2][-]{subsection.4.3.5}{\376\377\000F\000i\000t\000\040\000r\000e\000s\000u\000l\000t\000s}{section.4.3}% 67
\BOOKMARK [1][-]{section.4.4}{\376\377\000T\000u\000n\000i\000n\000g\000\040\000M\000C\000\040\000s\000a\000m\000p\000l\000e}{chapter.4}% 68
\BOOKMARK [2][-]{subsection.4.4.1}{\376\377\000I\000P\000\040\000s\000m\000e\000a\000r\000i\000n\000g}{section.4.4}% 69
\BOOKMARK [2][-]{subsection.4.4.2}{\376\377\000p\000T\000,\000\040\000\040\000y\000,\000\040\000n\000T\000r\000a\000c\000k\000s\000\040\000r\000e\000w\000e\000i\000g\000h\000t}{section.4.4}% 70
\BOOKMARK [2][-]{subsection.4.4.3}{\376\377\000\040\000+\000c\000\040\000D\000a\000l\000i\000t\000z\000\040\000r\000e\000w\000e\000i\000g\000h\000t}{section.4.4}% 71
\BOOKMARK [2][-]{subsection.4.4.4}{\376\377\000\040\000+\000c\000\040\000p\000o\000l\000a\000r\000i\000z\000a\000t\000i\000o\000n}{section.4.4}% 72
\BOOKMARK [2][-]{subsection.4.4.5}{\376\377\000R\000e\000s\000o\000n\000a\000n\000c\000e\000s\000\040\000i\000n\000\040\000\040\0000\000b\000\040\000\040\000+\000c\000K\000\040\000+\000K\000-\000-\000\040}{section.4.4}% 73
\BOOKMARK [2][-]{subsection.4.4.6}{\376\377\000C\000h\000e\000c\000k\000\040\000t\000h\000e\000\040\000R\000e\000w\000e\000i\000g\000h\000t}{section.4.4}% 74
\BOOKMARK [1][-]{section.4.5}{\376\377\000E\000f\000f\000i\000c\000i\000e\000n\000c\000y}{chapter.4}% 75
\BOOKMARK [2][-]{subsection.4.5.1}{\376\377\000G\000e\000o\000m\000e\000t\000r\000i\000c\000a\000l\000\040\000a\000c\000c\000e\000p\000t\000a\000n\000c\000e}{section.4.5}% 76
\BOOKMARK [2][-]{subsection.4.5.2}{\376\377\000R\000e\000c\000o\000n\000s\000t\000r\000u\000c\000t\000i\000o\000n\000,\000\040\000s\000e\000l\000e\000c\000t\000i\000o\000n\000\040\000a\000n\000d\000\040\000H\000L\000T\000\040\000e\000f\000f\000i\000c\000i\000e\000n\000c\000y}{section.4.5}% 77
\BOOKMARK [2][-]{subsection.4.5.3}{\376\377\000T\000r\000a\000c\000k\000i\000n\000g\000\040\000e\000f\000f\000i\000c\000i\000e\000n\000c\000y}{section.4.5}% 78
\BOOKMARK [2][-]{subsection.4.5.4}{\376\377\000L\0000\000\040\000T\000r\000i\000g\000g\000e\000r\000\040\000e\000f\000f\000i\000c\000i\000e\000n\000c\000y}{section.4.5}% 79
\BOOKMARK [2][-]{subsection.4.5.5}{\376\377\000P\000I\000D\000\040\000s\000e\000l\000e\000c\000t\000i\000o\000n\000\040\000e\000f\000f\000i\000c\000i\000e\000n\000c\000y}{section.4.5}% 80
\BOOKMARK [1][-]{section.4.6}{\376\377\000B\000r\000a\000n\000c\000h\000i\000n\000g\000\040\000f\000r\000a\000c\000t\000i\000o\000n}{chapter.4}% 81
\BOOKMARK [1][-]{section.4.7}{\376\377\000S\000y\000s\000t\000e\000m\000a\000t\000i\000c}{chapter.4}% 82
\BOOKMARK [2][-]{subsection.4.7.1}{\376\377\000B\000a\000c\000k\000g\000r\000o\000u\000n\000d\000\040\000m\000o\000d\000e\000l}{section.4.7}% 83
\BOOKMARK [2][-]{subsection.4.7.2}{\376\377\000S\000i\000g\000n\000a\000l\000\040\000m\000o\000d\000e\000l}{section.4.7}% 84
\BOOKMARK [2][-]{subsection.4.7.3}{\376\377\000M\000C\000\040\000s\000t\000a\000t\000i\000s\000t\000i\000c\000s}{section.4.7}% 85
\BOOKMARK [2][-]{subsection.4.7.4}{\376\377\000p\000T\000,\000\040\000\040\000y\000\040\000a\000n\000d\000\040\000n\000T\000r\000a\000c\000k\000s\000\040\000r\000e\000w\000e\000i\000g\000h\000t}{section.4.7}% 86
\BOOKMARK [2][-]{subsection.4.7.5}{\376\377\000D\000a\000l\000i\000t\000z\000\040\000r\000e\000w\000e\000i\000g\000h\000t}{section.4.7}% 87
\BOOKMARK [2][-]{subsection.4.7.6}{\376\377\000T\000r\000i\000g\000g\000e\000r\000\040\000e\000f\000f\000i\000c\000i\000e\000n\000c\000y}{section.4.7}% 88
\BOOKMARK [2][-]{subsection.4.7.7}{\376\377\000P\000I\000D\000\040\000e\000f\000f\000i\000c\000i\000e\000n\000c\000y}{section.4.7}% 89
\BOOKMARK [2][-]{subsection.4.7.8}{\376\377\000\040\000+\000c\000,\000\040\000K\000\040\000+\000K\000-\000\040\000a\000n\000d\000\040\000\040\000+\000c\000K\000\040\000+\000K\000-\000\040\000m\000a\000s\000s\000\040\000i\000n\000c\000o\000n\000s\000i\000s\000t\000e\000n\000c\000y\000\040\000a\000n\000d\000\040\000\040\0000\000b\000\040\000I\000P\000\040\000s\000m\000e\000a\000r\000i\000n\000g}{section.4.7}% 90
\BOOKMARK [2][-]{subsection.4.7.9}{\376\377\000P\000h\000y\000s\000i\000c\000a\000l\000\040\000b\000a\000c\000k\000g\000r\000o\000u\000n\000d\000\040\000e\000f\000f\000e\000c\000t\000\040}{section.4.7}% 91
\BOOKMARK [2][-]{subsection.4.7.10}{\376\377\000\040\000\040\0000\000b\000\040\000\040\000+\000c\000K\000\040\000+\000K\000-\000-\000\040\000\040\000i\000n\000\040\000n\000o\000r\000m\000a\000l\000i\000z\000a\000t\000i\000o\000n\000\040\000c\000h\000a\000n\000n\000e\000l\000\040}{section.4.7}% 92
\BOOKMARK [2][-]{subsection.4.7.11}{\376\377\000F\000r\000a\000c\000t\000i\000o\000n\000\040\000o\000f\000\040\000d\000i\000f\000f\000e\000r\000e\000n\000t\000\040\000M\000C\000\040\000s\000a\000m\000p\000l\000e}{section.4.7}% 93
\BOOKMARK [1][-]{section.4.8}{\376\377\000C\000o\000n\000c\000l\000u\000s\000i\000o\000n}{chapter.4}% 94
\BOOKMARK [0][-]{chapter.5}{\376\377\000E\000C\000A\000L\000\040\000s\000i\000m\000u\000a\000l\000t\000i\000o\000n\000\040\000s\000t\000u\000d\000y\000\040\000f\000o\000r\000\040\000U\000p\000g\000r\000a\000d\000e\000\040\000I\000I}{}% 95
\BOOKMARK [1][-]{section.5.1}{\376\377\000I\000n\000t\000r\000o\000d\000u\000c\000t\000i\000o\000n}{chapter.5}% 96
\BOOKMARK [1][-]{section.5.2}{\376\377\000P\000a\000r\000a\000m\000e\000t\000e\000r\000i\000z\000e\000d\000\040\000s\000i\000m\000u\000l\000a\000t\000i\000o\000n}{chapter.5}% 97
\BOOKMARK [2][-]{subsection.5.2.1}{\376\377\000P\000a\000r\000a\000m\000e\000t\000e\000r\000i\000z\000a\000t\000i\000o\000n\000\040\000o\000f\000\040\000s\000h\000o\000w\000e\000r}{section.5.2}% 98
\BOOKMARK [2][-]{subsection.5.2.2}{\376\377\000R\000e\000c\000o\000n\000s\000t\000u\000c\000t\000i\000o\000n\000\040\000a\000n\000d\000\040\000c\000a\000l\000i\000b\000r\000a\000t\000i\000o\000n}{section.5.2}% 99
\BOOKMARK [2][-]{subsection.5.2.3}{\376\377\000N\000e\000u\000t\000r\000a\000l\000\040\000p\000a\000r\000t\000i\000c\000l\000e\000\040\000i\000d\000e\000n\000t\000i\000f\000i\000c\000a\000t\000i\000o\000n}{section.5.2}% 100
\BOOKMARK [2][-]{subsection.5.2.4}{\376\377\000P\000e\000r\000f\000o\000r\000m\000a\000n\000c\000e\000\040\000i\000n\000\040\000B\000\040\0000\000s\000\040\000\040\000d\000e\000c\000a\000y}{section.5.2}% 101
\BOOKMARK [2][-]{subsection.5.2.5}{\376\377\000P\000e\000r\000f\000o\000r\000m\000a\000n\000c\000e\000\040\000i\000n\000\040\000B\000\040\0000\000s\000\040\000J\000-\0003\000m\000u\000/\000-\0002\000m\000u\000\040\0000\000\040\000d\000e\000c\000a\000y}{section.5.2}% 102
\BOOKMARK [2][-]{subsection.5.2.6}{\376\377\000F\000r\000o\000m\000\040\000p\000a\000r\000a\000m\000e\000t\000e\000r\000i\000z\000e\000d\000\040\000s\000i\000m\000u\000l\000a\000t\000i\000o\000n\000\040\000t\000o\000\040\000G\000e\000a\000n\000t\0004\000\040\000s\000i\000m\000u\000l\000a\000t\000i\000o\000n}{section.5.2}% 103
\BOOKMARK [1][-]{section.5.3}{\376\377\000S\000i\000l\000i\000c\000o\000n\000-\000t\000u\000n\000g\000s\000t\000e\000n\000\040\000E\000C\000A\000L\000\040\000s\000i\000m\000u\000l\000a\000t\000i\000o\000n}{chapter.5}% 104
\BOOKMARK [2][-]{subsection.5.3.1}{\376\377\000S\000i\000m\000u\000l\000a\000t\000i\000o\000n\000\040\000m\000o\000d\000e\000l\000\040\000i\000n\000\040\000G\000e\000a\000n\000t\0004}{section.5.3}% 105
\BOOKMARK [2][-]{subsection.5.3.2}{\376\377\000R\000e\000c\000o\000n\000s\000t\000r\000u\000c\000t\000i\000o\000n\000\040\000a\000n\000d\000\040\000c\000a\000l\000i\000b\000r\000a\000t\000i\000o\000n}{section.5.3}% 106
\BOOKMARK [2][-]{subsection.5.3.3}{\376\377\000P\000h\000y\000s\000i\000c\000a\000l\000\040\000p\000e\000r\000f\000o\000r\000m\000a\000n\000c\000e\000\040\000w\000i\000t\000h\000\040\000s\000i\000l\000i\000c\000o\000n\000\040\000o\000f\000\040\000d\000i\000f\000f\000e\000r\000e\000n\000t\000\040\000t\000h\000i\000c\000k\000n\000e\000s\000s}{section.5.3}% 107
\BOOKMARK [2][-]{subsection.5.3.4}{\376\377\000B\000r\000e\000m\000s\000s\000t\000r\000a\000h\000l\000u\000n\000g\000\040\000r\000e\000c\000o\000v\000e\000r\000y\000\040\000a\000n\000d\000\040\000B\000\040\0000\000\040\000K\000\040\000*\000e\000-\000e\000\040\000+\000\040\000p\000e\000r\000f\000o\000r\000m\000a\000n\000c\000e}{section.5.3}% 108
\BOOKMARK [1][-]{section.5.4}{\376\377\000C\000o\000n\000c\000l\000u\000s\000i\000o\000n\000s}{chapter.5}% 109
\BOOKMARK [0][-]{chapter.6}{\376\377\000S\000u\000m\000m\000a\000r\000y\000\040\000a\000n\000d\000\040\000I\000m\000p\000l\000i\000c\000a\000t\000i\000o\000n}{}% 110
\BOOKMARK [1][-]{section.6.1}{\376\377\000E\000x\000o\000t\000i\000c\000\040\000h\000a\000d\000r\000o\000n\000s\000\040\000s\000t\000u\000d\000y\000\040\000a\000t\000\040\000L\000H\000C\000b}{chapter.6}% 111
\BOOKMARK [1][-]{section.6.2}{\376\377\000E\000C\000A\000L\000\040\000s\000i\000m\000u\000l\000a\000t\000i\000o\000n\000\040\000f\000o\000r\000\040\000U\000p\000g\000r\000a\000d\000e\000\040\000I\000I\000\040\000a\000t\000\040\000L\000H\000C\000b}{chapter.6}% 112
\BOOKMARK [0][-]{appendix.A}{\376\377\000H\000i\000d\000d\000e\000r\000n\000-\000c\000h\000a\000r\000m\000\040\000p\000e\000n\000t\000a\000q\000u\000a\000r\000k\000\040\000s\000t\000a\000t\000e\000s\000\040\000i\000n\000\040\000\040\0000\000b\000\040\000J\000-\0003\000m\000u\000/\000-\0002\000m\000u\000p\000K\000-\000\040\000d\000e\000c\000a\000y}{}% 113
\BOOKMARK [1][-]{section.A.1}{\376\377\000S\000e\000l\000e\000c\000t\000i\000o\000n}{appendix.A}% 114
\BOOKMARK [2][-]{subsection.A.1.1}{\376\377\000R\000e\000c\000o\000n\000s\000t\000r\000u\000c\000t\000i\000o\000n\000\040\000a\000n\000d\000\040\000p\000r\000e\000-\000s\000e\000l\000e\000c\000t\000i\000o\000n}{section.A.1}% 115
\BOOKMARK [2][-]{subsection.A.1.2}{\376\377\000M\000u\000l\000t\000i\000v\000a\000r\000i\000a\000t\000e\000\040\000a\000n\000a\000l\000y\000s\000i\000s}{section.A.1}% 116
\BOOKMARK [1][-]{section.A.2}{\376\377\000O\000n\000e\000\040\000d\000i\000m\000e\000n\000t\000i\000o\000n\000a\000l\000\040\000f\000i\000t\000\040\000a\000n\000d\000\040\000m\000a\000s\000s\000\040\000r\000e\000s\000o\000l\000u\000t\000i\000o\000n}{appendix.A}% 117
\BOOKMARK [0][-]{appendix.B}{\376\377\000E\000v\000i\000d\000e\000n\000c\000e\000\040\000o\000f\000\040\000p\000e\000n\000t\000a\000q\000u\000a\000r\000k\000\040\000s\000t\000a\000t\000e\000s\000\040\000i\000n\000\040\000\040\0000\000b\000\040\000J\000-\0003\000m\000u\000/\000-\0002\000m\000u\000p\000-\000\040\000d\000e\000c\000a\000y}{}% 118
\BOOKMARK [1][-]{section.B.1}{\376\377\000S\000t\000u\000d\000y\000\040\000m\000o\000t\000i\000v\000a\000t\000i\000o\000n}{appendix.B}% 119
\BOOKMARK [1][-]{section.B.2}{\376\377\000S\000e\000l\000e\000c\000t\000i\000o\000n}{appendix.B}% 120
\BOOKMARK [2][-]{subsection.B.2.1}{\376\377\000D\000a\000t\000a\000s\000e\000t}{section.B.2}% 121
\BOOKMARK [2][-]{subsection.B.2.2}{\376\377\000R\000e\000c\000o\000n\000s\000t\000r\000u\000c\000t\000i\000o\000n\000\040\000a\000n\000d\000\040\000p\000r\000e\000-\000s\000e\000l\000e\000c\000t\000i\000o\000n}{section.B.2}% 122
\BOOKMARK [2][-]{subsection.B.2.3}{\376\377\000R\000e\000f\000l\000e\000c\000t\000i\000o\000n\000s\000\040\000v\000e\000t\000o\000i\000n\000g}{section.B.2}% 123
\BOOKMARK [2][-]{subsection.B.2.4}{\376\377\000M\000u\000l\000t\000i\000v\000a\000r\000i\000a\000t\000e\000\040\000a\000n\000a\000l\000y\000s\000i\000s}{section.B.2}% 124
\BOOKMARK [1][-]{section.B.3}{\376\377\000I\000n\000v\000a\000r\000i\000a\000n\000t\000\040\000B\000\040\000m\000a\000s\000s\000\040\000f\000i\000t\000\040\000a\000n\000d\000\040\000D\000a\000l\000i\000t\000z\000\040\000p\000l\000o\000t\000\040\000d\000i\000s\000t\000r\000i\000b\000u\000t\000i\000o\000n\000s}{appendix.B}% 125
\BOOKMARK [1][-]{section.B.4}{\376\377\000A\000m\000p\000l\000i\000t\000u\000d\000e\000\040\000a\000n\000a\000l\000y\000s\000i\000s}{appendix.B}% 126
\BOOKMARK [2][-]{subsection.B.4.1}{\376\377\000L\000i\000k\000e\000l\000i\000h\000o\000o\000d\000\040\000c\000o\000n\000s\000t\000r\000u\000c\000t\000i\000o\000n\000\040\000w\000i\000t\000h\000\040\000s\000P\000l\000o\000t\000\040\000t\000e\000c\000h\000n\000i\000q\000u\000e}{section.B.4}% 127
\BOOKMARK [2][-]{subsection.B.4.2}{\376\377\000N\000*\000\040\000r\000e\000s\000o\000n\000a\000n\000c\000e\000s\000\040}{section.B.4}% 128
\BOOKMARK [2][-]{subsection.B.4.3}{\376\377\000P\000a\000r\000a\000m\000e\000t\000e\000r\000s\000\040\000d\000e\000s\000c\000r\000i\000b\000i\000n\000g\000\040\000t\000h\000e\000\040\000P\000c\000+\000\040\000s\000t\000a\000t\000e\000s}{section.B.4}% 129
\BOOKMARK [0][-]{appendix.C}{\376\377\000Z\000c\000s\000\040\000s\000t\000a\000t\000e\000s\000\040\000i\000n\000\040\000B\000\040\000+\000\040\000J\000-\0003\000m\000u\000/\000-\0002\000m\000u\000K\000\040\000+\000\040\000d\000e\000c\000a\000y}{}% 130
\BOOKMARK [1][-]{section.C.1}{\376\377\000A\000n\000g\000u\000l\000a\000r\000\040\000m\000o\000m\000e\000n\000t\000s}{appendix.C}% 131
\BOOKMARK [1][-]{section.C.2}{\376\377\000M\000o\000d\000e\000l\000-\000i\000n\000d\000e\000p\000e\000n\000d\000e\000n\000t}{appendix.C}% 132
\BOOKMARK [1][-]{section.C.3}{\376\377\000C\000h\000e\000c\000k\000\040\000o\000n\000\040\000t\000h\000e\000\040\000n\000o\000n\000-\000\040\000s\000i\000d\000e\000b\000a\000n\000d}{appendix.C}% 133
\BOOKMARK [1][-]{section.C.4}{\376\377\000K\000m\000a\000t\000i\000x\000\040\000m\000o\000d\000e\000l}{appendix.C}% 134
\BOOKMARK [1][-]{section.C.5}{\376\377\000C\000h\000e\000c\000k\000\040\000o\000f\000\040\000t\000h\000e\000\040\000b\000a\000c\000k\000g\000r\000o\000u\000n\000d\000\040\000P\000D\000F\000\040\000o\000n\000\040\000B\000\040\000m\000a\000s\000s\000\040\000s\000i\000d\000e\000b\000a\000n\000d\000s}{appendix.C}% 135
\BOOKMARK [0][-]{appendix*.236}{\376\377\000R\000e\000f\000e\000r\000e\000n\000c\000e\000s}{}% 136
\BOOKMARK [0][-]{appendix*.237}{\376\377\000A\000c\000k\000n\000o\000w\000l\000e\000d\000g\000e\000m\000e\000n\000t\000s}{}% 137
\BOOKMARK [0][-]{appendix*.238}{\376\377\000V\000i\000t\000a}{}% 138
\BOOKMARK [0][-]{appendix*.239}{\376\377\000D\000e\000c\000l\000a\000r\000a\000t\000i\000o\000n}{}% 139
